Traceback (most recent call last):
  File "C:\Users\Sandra\anaconda3\envs\dataviz_venv\lib\site-packages\jupyter_cache\executors\utils.py", line 58, in single_nb_execution
    executenb(
  File "C:\Users\Sandra\anaconda3\envs\dataviz_venv\lib\site-packages\nbclient\client.py", line 1305, in execute
    return NotebookClient(nb=nb, resources=resources, km=km, **kwargs).execute()
  File "C:\Users\Sandra\anaconda3\envs\dataviz_venv\lib\site-packages\jupyter_core\utils\__init__.py", line 173, in wrapped
    return loop.run_until_complete(inner)
  File "C:\Users\Sandra\anaconda3\envs\dataviz_venv\lib\asyncio\base_events.py", line 647, in run_until_complete
    return future.result()
  File "C:\Users\Sandra\anaconda3\envs\dataviz_venv\lib\site-packages\nbclient\client.py", line 705, in async_execute
    await self.async_execute_cell(
  File "C:\Users\Sandra\anaconda3\envs\dataviz_venv\lib\site-packages\nbclient\client.py", line 1058, in async_execute_cell
    await self._check_raise_for_error(cell, cell_index, exec_reply)
  File "C:\Users\Sandra\anaconda3\envs\dataviz_venv\lib\site-packages\nbclient\client.py", line 914, in _check_raise_for_error
    raise CellExecutionError.from_cell_and_msg(cell, exec_reply_content)
nbclient.exceptions.CellExecutionError: An error occurred while executing the following cell:
------------------
import seaborn as sns

# Filtramos según el año y las medallas
US_2016_medallas = US[(US['Year'] == 2016) & (~US['Medal'].isna())]

# Tomamos solo los 5 deportes con más medallas
top5_deportes = US_2016_medallas.groupby('Sport')['Medal'].count().reset_index(name='Medallas')
top5_deportes = top5_deportes.sort_values(by='Medallas', ascending=False).head(5)

# Filtramos para los 5 deportes principales
US_2016_top5 = US_2016_medallas[US_2016_medallas['Sport'].isin(top5_deportes['Sport'])]

# Gráfico 
plt.figure(figsize=(10, 6))
sns.violinplot(x='Sport', y='Age', data=US_2016_top5, hue='Sport', palette='Set1', split=True)
plt.title('Distribución de Edad de personas con medallas en los 5 Deportes en 2016')
plt.xlabel('Deporte')
plt.ylabel('Edad')
plt.show()

------------------

----- stderr -----
c:\Users\Sandra\anaconda3\envs\dataviz_venv\lib\site-packages\seaborn\_core.py:1225: FutureWarning: is_categorical_dtype is deprecated and will be removed in a future version. Use isinstance(dtype, CategoricalDtype) instead
  if pd.api.types.is_categorical_dtype(vector):
c:\Users\Sandra\anaconda3\envs\dataviz_venv\lib\site-packages\seaborn\_core.py:1225: FutureWarning: is_categorical_dtype is deprecated and will be removed in a future version. Use isinstance(dtype, CategoricalDtype) instead
  if pd.api.types.is_categorical_dtype(vector):
c:\Users\Sandra\anaconda3\envs\dataviz_venv\lib\site-packages\seaborn\_core.py:1225: FutureWarning: is_categorical_dtype is deprecated and will be removed in a future version. Use isinstance(dtype, CategoricalDtype) instead
  if pd.api.types.is_categorical_dtype(vector):
------------------

[1;31m---------------------------------------------------------------------------[0m
[1;31mValueError[0m                                Traceback (most recent call last)
Cell [1;32mIn[3], line 15[0m
[0;32m     13[0m [38;5;66;03m# Gráfico [39;00m
[0;32m     14[0m plt[38;5;241m.[39mfigure(figsize[38;5;241m=[39m([38;5;241m10[39m, [38;5;241m6[39m))
[1;32m---> 15[0m [43msns[49m[38;5;241;43m.[39;49m[43mviolinplot[49m[43m([49m[43mx[49m[38;5;241;43m=[39;49m[38;5;124;43m'[39;49m[38;5;124;43mSport[39;49m[38;5;124;43m'[39;49m[43m,[49m[43m [49m[43my[49m[38;5;241;43m=[39;49m[38;5;124;43m'[39;49m[38;5;124;43mAge[39;49m[38;5;124;43m'[39;49m[43m,[49m[43m [49m[43mdata[49m[38;5;241;43m=[39;49m[43mUS_2016_top5[49m[43m,[49m[43m [49m[43mhue[49m[38;5;241;43m=[39;49m[38;5;124;43m'[39;49m[38;5;124;43mSport[39;49m[38;5;124;43m'[39;49m[43m,[49m[43m [49m[43mpalette[49m[38;5;241;43m=[39;49m[38;5;124;43m'[39;49m[38;5;124;43mSet1[39;49m[38;5;124;43m'[39;49m[43m,[49m[43m [49m[43msplit[49m[38;5;241;43m=[39;49m[38;5;28;43;01mTrue[39;49;00m[43m)[49m
[0;32m     16[0m plt[38;5;241m.[39mtitle([38;5;124m'[39m[38;5;124mDistribución de Edad de personas con medallas en los 5 Deportes en 2016[39m[38;5;124m'[39m)
[0;32m     17[0m plt[38;5;241m.[39mxlabel([38;5;124m'[39m[38;5;124mDeporte[39m[38;5;124m'[39m)

File [1;32mc:\Users\Sandra\anaconda3\envs\dataviz_venv\lib\site-packages\seaborn\_decorators.py:46[0m, in [0;36m_deprecate_positional_args.<locals>.inner_f[1;34m(*args, **kwargs)[0m
[0;32m     36[0m     warnings[38;5;241m.[39mwarn(
[0;32m     37[0m         [38;5;124m"[39m[38;5;124mPass the following variable[39m[38;5;132;01m{}[39;00m[38;5;124m as [39m[38;5;132;01m{}[39;00m[38;5;124mkeyword arg[39m[38;5;132;01m{}[39;00m[38;5;124m: [39m[38;5;132;01m{}[39;00m[38;5;124m. [39m[38;5;124m"[39m
[0;32m     38[0m         [38;5;124m"[39m[38;5;124mFrom version 0.12, the only valid positional argument [39m[38;5;124m"[39m
[1;32m   (...)[0m
[0;32m     43[0m         [38;5;167;01mFutureWarning[39;00m
[0;32m     44[0m     )
[0;32m     45[0m kwargs[38;5;241m.[39mupdate({k: arg [38;5;28;01mfor[39;00m k, arg [38;5;129;01min[39;00m [38;5;28mzip[39m(sig[38;5;241m.[39mparameters, args)})
[1;32m---> 46[0m [38;5;28;01mreturn[39;00m f([38;5;241m*[39m[38;5;241m*[39mkwargs)

File [1;32mc:\Users\Sandra\anaconda3\envs\dataviz_venv\lib\site-packages\seaborn\categorical.py:2387[0m, in [0;36mviolinplot[1;34m(x, y, hue, data, order, hue_order, bw, cut, scale, scale_hue, gridsize, width, inner, split, dodge, orient, linewidth, color, palette, saturation, ax, **kwargs)[0m
[0;32m   2375[0m [38;5;129m@_deprecate_positional_args[39m
[0;32m   2376[0m [38;5;28;01mdef[39;00m [38;5;21mviolinplot[39m(
[0;32m   2377[0m     [38;5;241m*[39m,
[1;32m   (...)[0m
[0;32m   2384[0m     ax[38;5;241m=[39m[38;5;28;01mNone[39;00m, [38;5;241m*[39m[38;5;241m*[39mkwargs,
[0;32m   2385[0m ):
[1;32m-> 2387[0m     plotter [38;5;241m=[39m [43m_ViolinPlotter[49m[43m([49m[43mx[49m[43m,[49m[43m [49m[43my[49m[43m,[49m[43m [49m[43mhue[49m[43m,[49m[43m [49m[43mdata[49m[43m,[49m[43m [49m[43morder[49m[43m,[49m[43m [49m[43mhue_order[49m[43m,[49m
[0;32m   2388[0m [43m                             [49m[43mbw[49m[43m,[49m[43m [49m[43mcut[49m[43m,[49m[43m [49m[43mscale[49m[43m,[49m[43m [49m[43mscale_hue[49m[43m,[49m[43m [49m[43mgridsize[49m[43m,[49m
[0;32m   2389[0m [43m                             [49m[43mwidth[49m[43m,[49m[43m [49m[43minner[49m[43m,[49m[43m [49m[43msplit[49m[43m,[49m[43m [49m[43mdodge[49m[43m,[49m[43m [49m[43morient[49m[43m,[49m[43m [49m[43mlinewidth[49m[43m,[49m
[0;32m   2390[0m [43m                             [49m[43mcolor[49m[43m,[49m[43m [49m[43mpalette[49m[43m,[49m[43m [49m[43msaturation[49m[43m)[49m
[0;32m   2392[0m     [38;5;28;01mif[39;00m ax [38;5;129;01mis[39;00m [38;5;28;01mNone[39;00m:
[0;32m   2393[0m         ax [38;5;241m=[39m plt[38;5;241m.[39mgca()

File [1;32mc:\Users\Sandra\anaconda3\envs\dataviz_venv\lib\site-packages\seaborn\categorical.py:541[0m, in [0;36m_ViolinPlotter.__init__[1;34m(self, x, y, hue, data, order, hue_order, bw, cut, scale, scale_hue, gridsize, width, inner, split, dodge, orient, linewidth, color, palette, saturation)[0m
[0;32m    539[0m [38;5;28;01mif[39;00m split [38;5;129;01mand[39;00m [38;5;28mself[39m[38;5;241m.[39mhue_names [38;5;129;01mis[39;00m [38;5;129;01mnot[39;00m [38;5;28;01mNone[39;00m [38;5;129;01mand[39;00m [38;5;28mlen[39m([38;5;28mself[39m[38;5;241m.[39mhue_names) [38;5;241m!=[39m [38;5;241m2[39m:
[0;32m    540[0m     msg [38;5;241m=[39m [38;5;124m"[39m[38;5;124mThere must be exactly two hue levels to use `split`.[39m[38;5;124m'[39m[38;5;124m"[39m
[1;32m--> 541[0m     [38;5;28;01mraise[39;00m [38;5;167;01mValueError[39;00m(msg)
[0;32m    542[0m [38;5;28mself[39m[38;5;241m.[39msplit [38;5;241m=[39m split
[0;32m    544[0m [38;5;28;01mif[39;00m linewidth [38;5;129;01mis[39;00m [38;5;28;01mNone[39;00m:

[1;31mValueError[0m: There must be exactly two hue levels to use `split`.'

